
> keplr-example@1.0.0 dev
> webpack-dev-server

[34mℹ[39m [90m｢wds｣[39m: Project is running at http://localhost:8082/
[34mℹ[39m [90m｢wds｣[39m: webpack output is served from /
[34mℹ[39m [90m｢wds｣[39m: Content not from webpack is served from /Users/meng/go/src/github.com/okex/keplr-example/gaia-test
[34mℹ[39m [90m｢wdm｣[39m: Hash: e4b329bd218b874cfb74
Version: webpack 4.46.0
Time: 2574ms
Built at: 12/30/2022 11:44:27 PM
     Asset      Size  Chunks             Chunk Names
 bundle.js  5.77 MiB    main  [emitted]  main
index.html  2.66 KiB          [emitted]  
Entrypoint main = bundle.js
[0] multi (webpack)-dev-server/client?http://localhost:8082 ./src/main.js 40 bytes {main} [built]
[./node_modules/@cosmjs/amino/build/index.js] 5.13 KiB {main} [built]
[./node_modules/@cosmjs/launchpad/build/index.js] 9.4 KiB {main} [built]
[./node_modules/@cosmjs/proto-signing/build/index.js] 3.53 KiB {main} [built]
[./node_modules/@cosmjs/stargate/build/index.js] 11.2 KiB {main} [built]
[./node_modules/strip-ansi/index.js] 161 bytes {main} [built]
[./node_modules/webpack-dev-server/client/index.js?http://localhost:8082] (webpack)-dev-server/client?http://localhost:8082 4.29 KiB {main} [built]
[./node_modules/webpack-dev-server/client/overlay.js] (webpack)-dev-server/client/overlay.js 3.52 KiB {main} [built]
[./node_modules/webpack-dev-server/client/socket.js] (webpack)-dev-server/client/socket.js 1.53 KiB {main} [built]
[./node_modules/webpack-dev-server/client/utils/createSocketUrl.js] (webpack)-dev-server/client/utils/createSocketUrl.js 2.91 KiB {main} [built]
[./node_modules/webpack-dev-server/client/utils/log.js] (webpack)-dev-server/client/utils/log.js 964 bytes {main} [built]
[./node_modules/webpack-dev-server/client/utils/reloadApp.js] (webpack)-dev-server/client/utils/reloadApp.js 1.59 KiB {main} [built]
[./node_modules/webpack-dev-server/client/utils/sendMessage.js] (webpack)-dev-server/client/utils/sendMessage.js 402 bytes {main} [built]
[./node_modules/webpack/hot sync ^\.\/log$] (webpack)/hot sync nonrecursive ^\.\/log$ 170 bytes {main} [built]
[./src/main.js] 9.71 KiB {main} [built]
    + 632 hidden modules
Child HtmlWebpackCompiler:
     1 asset
    Entrypoint HtmlWebpackPlugin_0 = __child-HtmlWebpackPlugin_0
    [./node_modules/html-webpack-plugin/lib/loader.js!./index.html] 2.94 KiB {HtmlWebpackPlugin_0} [built]
[34mℹ[39m [90m｢wdm｣[39m: Compiled successfully.
